This is LuaHBTeX, Version 1.14.0 (MiKTeX 21.10) (format=lualatex 2021.11.3)  16 NOV 2021 00:34
 restricted system commands enabled.
 file:line:error style messages enabled.
**"d:/EE5.1/Pattern Recognition/HW2/main"
("d:/EE5.1/Pattern Recognition/HW2/main.tex"
LaTeX2e <2021-06-01> patch level 1
Lua module: luaotfload 2021-05-21 3.18 Lua based OpenType font support
Lua module: lualibs 2021-05-20 2.74 ConTeXt Lua standard libraries.
Lua module: lualibs-extended 2021-05-20 2.74 ConTeXt Lua libraries -- extended c
ollection.
luaotfload | conf : Root cache directory is "C:/Users/KutayUgurlu/AppData/Local/
MiKTeX/luatex-cache/generic/names".
luaotfload | init : Loading fontloader "fontloader-2021-05-20.lua" from kpse-res
olved path "C:/Users/KutayUgurlu/AppData/Local/Programs/MiKTeX/tex/luatex/luaotf
load/fontloader-2021-05-20.lua".
Lua-only attribute luaotfload@noligature = 1
Lua-only attribute luaotfload@syllabe = 2
luaotfload | init : Context OpenType loader version 3.116
Inserting `luaotfload.node_processor' at position 1 in `pre_linebreak_filter'.
Inserting `luaotfload.node_processor' at position 1 in `hpack_filter'.
Inserting `luaotfload.glyph_stream' at position 1 in `glyph_stream_provider'.
Inserting `luaotfload.define_font' at position 1 in `define_font'.
Lua-only attribute luaotfload_color_attribute = 3
luaotfload | conf : Root cache directory is "C:/Users/KutayUgurlu/AppData/Local/
MiKTeX/luatex-cache/generic/names".
Inserting `luaotfload.harf.strip_prefix' at position 1 in `find_opentype_file'.
Inserting `luaotfload.harf.strip_prefix' at position 1 in `find_truetype_file'.
Inserting `luaotfload.harf.finalize_vlist' at position 1 in `post_linebreak_filt
er'.
Inserting `luaotfload.harf.finalize_hlist' at position 2 in `hpack_filter'.
Inserting `luaotfload.cleanup_files' at position 1 in `wrapup_run'.
Inserting `luaotfload.harf.finalize_unicode' at position 1 in `finish_pdffile'.
Inserting `luaotfload.glyphinfo' at position 1 in `glyph_info'.
Lua-only attribute luaotfload.letterspace_done = 4
Inserting `luaotfload.aux.set_sscale_dimens' at position 1 in `luaotfload.patch_
font'.
Inserting `luaotfload.aux.set_font_index' at position 2 in `luaotfload.patch_fon
t'.
Inserting `luaotfload.aux.patch_cambria_domh' at position 3 in `luaotfload.patch
_font'.
Inserting `luaotfload.aux.fixup_fontdata' at position 1 in `luaotfload.patch_fon
t_unsafe'.
Inserting `luaotfload.aux.set_capheight' at position 4 in `luaotfload.patch_font
'.
Inserting `luaotfload.aux.set_xheight' at position 5 in `luaotfload.patch_font'.
Inserting `luaotfload.rewrite_fontname' at position 6 in `luaotfload.patch_font'
. L3 programming layer <2021-10-18>
Inserting `tracingstacklevels' at position 1 in `input_level_string'.
(C:/Users/KutayUgurlu/AppData/Local/Programs/MiKTeX/tex/latex/extsizes/extartic
le.cls
Document Class: extarticle 1996/10/08 v1.0 Non Standard LaTeX document class
(C:/Users/KutayUgurlu/AppData/Local/Programs/MiKTeX/tex/latex/base/size11.clo
File: size11.clo 2021/02/12 v1.4n Standard LaTeX file (size option)
luaotfload | db : Font names database loaded from C:/Users/KutayUgurlu/AppData/L
ocal/MiKTeX/luatex-cache/generic/names/luaotfload-names.luc)
(C:/Users/KutayUgurlu/AppData/Local/Programs/MiKTeX/tex/latex/base/exscale.sty
Package: exscale 2018/09/24 v2.1i Standard LaTeX package exscale
LaTeX Font Info:    Redeclaring symbol font `largesymbols' on input line 57.
LaTeX Font Info:    Overwriting symbol font `largesymbols' in version `normal'
(Font)                  OMX/cmex/m/n --> OMX/cmex/m/n on input line 57.
LaTeX Font Info:    Overwriting symbol font `largesymbols' in version `bold'
(Font)                  OMX/cmex/m/n --> OMX/cmex/m/n on input line 57.
\big@size=\dimen138
)
\c@part=\count179
\c@section=\count180
\c@subsection=\count181
\c@subsubsection=\count182
\c@paragraph=\count183
\c@subparagraph=\count184
\c@figure=\count185
\c@table=\count186
\abovecaptionskip=\skip47
\belowcaptionskip=\skip48
\bibindent=\dimen139
)
(C:/Users/KutayUgurlu/AppData/Local/Programs/MiKTeX/tex/latex/mathtools/mathtoo
ls.sty
Package: mathtools 2021/04/12 v1.27 mathematical typesetting tools

(C:/Users/KutayUgurlu/AppData/Local/Programs/MiKTeX/tex/latex/graphics/keyval.s
ty
Package: keyval 2014/10/28 v1.15 key=value parser (DPC)
\KV@toks@=\toks16
)
(C:/Users/KutayUgurlu/AppData/Local/Programs/MiKTeX/tex/latex/tools/calc.sty
Package: calc 2017/05/25 v4.3 Infix arithmetic (KKT,FJ)
\calc@Acount=\count187
\calc@Bcount=\count188
\calc@Adimen=\dimen140
\calc@Bdimen=\dimen141
\calc@Askip=\skip49
\calc@Bskip=\skip50
LaTeX Info: Redefining \setlength on input line 80.
LaTeX Info: Redefining \addtolength on input line 81.
\calc@Ccount=\count189
\calc@Cskip=\skip51
)
(C:/Users/KutayUgurlu/AppData/Local/Programs/MiKTeX/tex/latex/mathtools/mhsetup
.sty
Package: mhsetup 2021/03/18 v1.4 programming setup (MH)
)
(C:/Users/KutayUgurlu/AppData/Local/Programs/MiKTeX/tex/latex/amsmath/amsmath.s
ty
Package: amsmath 2021/04/20 v2.17j AMS math features
\@mathmargin=\skip52

For additional information on amsmath, use the `?' option.

(C:/Users/KutayUgurlu/AppData/Local/Programs/MiKTeX/tex/latex/amsmath/amstext.s
ty
Package: amstext 2000/06/29 v2.01 AMS text

(C:/Users/KutayUgurlu/AppData/Local/Programs/MiKTeX/tex/latex/amsmath/amsgen.st
y
File: amsgen.sty 1999/11/30 v2.0 generic functions
\@emptytoks=\toks17
\ex@=\dimen142
))
(C:/Users/KutayUgurlu/AppData/Local/Programs/MiKTeX/tex/latex/amsmath/amsbsy.st
y
Package: amsbsy 1999/11/29 v1.2d Bold Symbols
\pmbraise@=\dimen143
)
(C:/Users/KutayUgurlu/AppData/Local/Programs/MiKTeX/tex/latex/amsmath/amsopn.st
y
Package: amsopn 2016/03/08 v2.02 operator names
)
\inf@bad=\count190
LaTeX Info: Redefining \frac on input line 236.
\uproot@=\count191
\leftroot@=\count192
LaTeX Info: Redefining \overline on input line 399.
\classnum@=\count193
\DOTSCASE@=\count194
LaTeX Info: Redefining \ldots on input line 496.
LaTeX Info: Redefining \dots on input line 499.
LaTeX Info: Redefining \cdots on input line 620.
\Mathstrutbox@=\box50
\strutbox@=\box51
\big@size=\dimen144
LaTeX Font Info:    Redeclaring font encoding OML on input line 743.
LaTeX Font Info:    Redeclaring font encoding OMS on input line 744.
\macc@depth=\count195
\c@MaxMatrixCols=\count196
\dotsspace@=\muskip16
\c@parentequation=\count197
\dspbrk@lvl=\count198
\tag@help=\toks18
\row@=\count199
\column@=\count266
\maxfields@=\count267
\andhelp@=\toks19
\eqnshift@=\dimen145
\alignsep@=\dimen146
\tagshift@=\dimen147
\tagwidth@=\dimen148
\totwidth@=\dimen149
\lineht@=\dimen150
\@envbody=\toks20
\multlinegap=\skip53
\multlinetaggap=\skip54
\mathdisplay@stack=\toks21
LaTeX Info: Redefining \[ on input line 2923.
LaTeX Info: Redefining \] on input line 2924.
)
LaTeX Info: Thecontrolsequence`\('isalreadyrobust on input line 130.
LaTeX Info: Thecontrolsequence`\)'isalreadyrobust on input line 130.
LaTeX Info: Thecontrolsequence`\['isalreadyrobust on input line 130.
LaTeX Info: Thecontrolsequence`\]'isalreadyrobust on input line 130.
\g_MT_multlinerow_int=\count268
\l_MT_multwidth_dim=\dimen151
\origjot=\skip55
\l_MT_shortvdotswithinadjustabove_dim=\dimen152
\l_MT_shortvdotswithinadjustbelow_dim=\dimen153
\l_MT_above_intertext_sep=\dimen154
\l_MT_below_intertext_sep=\dimen155
\l_MT_above_shortintertext_sep=\dimen156
\l_MT_below_shortintertext_sep=\dimen157
\xmathstrut@box=\box52
\xmathstrut@dim=\dimen158
)
(C:/Users/KutayUgurlu/AppData/Local/Programs/MiKTeX/tex/latex/geometry/geometry
.sty
Package: geometry 2020/01/02 v5.9 Page Geometry

(C:/Users/KutayUgurlu/AppData/Local/Programs/MiKTeX/tex/generic/iftex/ifvtex.st
y
Package: ifvtex 2019/10/25 v1.7 ifvtex legacy package. Use iftex instead.

(C:/Users/KutayUgurlu/AppData/Local/Programs/MiKTeX/tex/generic/iftex/iftex.sty
Package: iftex 2020/03/06 v1.0d TeX engine tests
))
\Gm@cnth=\count269
\Gm@cntv=\count270
\c@Gm@tempcnt=\count271
\Gm@bindingoffset=\dimen159
\Gm@wd@mp=\dimen160
\Gm@odd@mp=\dimen161
\Gm@even@mp=\dimen162
\Gm@layoutwidth=\dimen163
\Gm@layoutheight=\dimen164
\Gm@layouthoffset=\dimen165
\Gm@layoutvoffset=\dimen166
\Gm@dimlist=\toks22

(C:/Users/KutayUgurlu/AppData/Local/Programs/MiKTeX/tex/latex/geometry/geometry
.cfg))
(C:/Users/KutayUgurlu/AppData/Local/Programs/MiKTeX/tex/latex/graphics/graphicx
.sty
Package: graphicx 2020/12/05 v1.2c Enhanced LaTeX Graphics (DPC,SPQR)

(C:/Users/KutayUgurlu/AppData/Local/Programs/MiKTeX/tex/latex/graphics/graphics
.sty
Package: graphics 2021/03/04 v1.4d Standard LaTeX Graphics (DPC,SPQR)

(C:/Users/KutayUgurlu/AppData/Local/Programs/MiKTeX/tex/latex/graphics/trig.sty
Package: trig 2016/01/03 v1.10 sin cos tan (DPC)
)
(C:/Users/KutayUgurlu/AppData/Local/Programs/MiKTeX/tex/latex/graphics-cfg/grap
hics.cfg
File: graphics.cfg 2016/06/04 v1.11 sample graphics configuration
)
Package graphics Info: Driver file: luatex.def on input line 107.

(C:/Users/KutayUgurlu/AppData/Local/Programs/MiKTeX/tex/latex/graphics-def/luat
ex.def
File: luatex.def 2021/06/01 v1.2c Graphics/color driver for luatex
))
\Gin@req@height=\dimen167
\Gin@req@width=\dimen168
)
(C:/Users/KutayUgurlu/AppData/Local/Programs/MiKTeX/tex/latex/subfig/subfig.sty
Package: subfig 2005/06/28 ver: 1.3 subfig package

(C:/Users/KutayUgurlu/AppData/Local/Programs/MiKTeX/tex/latex/caption/caption.s
ty
Package: caption 2020/10/26 v3.5g Customizing captions (AR)

(C:/Users/KutayUgurlu/AppData/Local/Programs/MiKTeX/tex/latex/caption/caption3.
sty
Package: caption3 2020/10/21 v2.2e caption3 kernel (AR)
\captionmargin=\dimen169
\captionmargin@=\dimen170
\captionwidth=\dimen171
\caption@tempdima=\dimen172
\caption@indent=\dimen173
\caption@parindent=\dimen174
\caption@hangindent=\dimen175
Package caption Info: Standard document class detected.
)
\c@caption@flags=\count272
\c@continuedfloat=\count273
)
\c@KVtest=\count274
\sf@farskip=\skip56
\sf@captopadj=\dimen176
\sf@capskip=\skip57
\sf@nearskip=\skip58
\c@subfigure=\count275
\c@subfigure@save=\count276
\c@lofdepth=\count277
\c@subtable=\count278
\c@subtable@save=\count279
\c@lotdepth=\count280
\sf@top=\skip59
\sf@bottom=\skip60
)
(C:/Users/KutayUgurlu/AppData/Local/Programs/MiKTeX/tex/latex/amsfonts/amssymb.
sty
Package: amssymb 2013/01/14 v3.01 AMS font symbols

(C:/Users/KutayUgurlu/AppData/Local/Programs/MiKTeX/tex/latex/amsfonts/amsfonts
.sty
Package: amsfonts 2013/01/14 v3.01 Basic AMSFonts support
\symAMSa=\mathgroup4
\symAMSb=\mathgroup5
LaTeX Font Info:    Redeclaring math symbol \hbar on input line 98.
LaTeX Font Info:    Overwriting math alphabet `\mathfrak' in version `bold'
(Font)                  U/euf/m/n --> U/euf/b/n on input line 106.
))
(C:/Users/KutayUgurlu/AppData/Local/Programs/MiKTeX/tex/latex/pythonhighlight/p
ythonhighlight.sty
Package: pythonhighlight 2017/02/09 python code highlighting; provided by Olivi
er Verdier <olivier.verdier@gmail.com>

(C:/Users/KutayUgurlu/AppData/Local/Programs/MiKTeX/tex/latex/listings/listings
.sty
\lst@mode=\count281
\lst@gtempboxa=\box53
\lst@token=\toks23
\lst@length=\count282
\lst@currlwidth=\dimen177
\lst@column=\count283
\lst@pos=\count284
\lst@lostspace=\dimen178
\lst@width=\dimen179
\lst@newlines=\count285
\lst@lineno=\count286
\lst@maxwidth=\dimen180

(C:/Users/KutayUgurlu/AppData/Local/Programs/MiKTeX/tex/latex/listings/lstmisc.
sty
File: lstmisc.sty 2020/03/24 1.8d (Carsten Heinz)
\c@lstnumber=\count287
\lst@skipnumbers=\count288
\lst@framebox=\box54
)
(C:/Users/KutayUgurlu/AppData/Local/Programs/MiKTeX/tex/latex/listings/listings
.cfg
File: listings.cfg 2020/03/24 1.8d listings configuration
))
Package: listings 2020/03/24 1.8d (Carsten Heinz)

(C:/Users/KutayUgurlu/AppData/Local/Programs/MiKTeX/tex/latex/xcolor/xcolor.sty
Package: xcolor 2016/05/11 v2.12 LaTeX color extensions (UK)

(C:/Users/KutayUgurlu/AppData/Local/Programs/MiKTeX/tex/latex/graphics-cfg/colo
r.cfg
File: color.cfg 2016/01/02 v1.6 sample color configuration
)
Package xcolor Info: Driver file: luatex.def on input line 225.
Package xcolor Info: Model `cmy' substituted by `cmy0' on input line 1348.
Package xcolor Info: Model `hsb' substituted by `rgb' on input line 1352.
Package xcolor Info: Model `RGB' extended on input line 1364.
Package xcolor Info: Model `HTML' substituted by `rgb' on input line 1366.
Package xcolor Info: Model `Hsb' substituted by `hsb' on input line 1367.
Package xcolor Info: Model `tHsb' substituted by `hsb' on input line 1368.
Package xcolor Info: Model `HSB' substituted by `hsb' on input line 1369.
Package xcolor Info: Model `Gray' substituted by `gray' on input line 1370.
Package xcolor Info: Model `wave' substituted by `hsb' on input line 1371.
))
(C:/Users/KutayUgurlu/AppData/Local/Programs/MiKTeX/tex/latex/pdfpages/pdfpages
.sty
Package: pdfpages 2021/03/06 v0.5t Insert pages of external PDF documents (AM)

(C:/Users/KutayUgurlu/AppData/Local/Programs/MiKTeX/tex/latex/base/ifthen.sty
Package: ifthen 2020/11/24 v1.1c Standard LaTeX ifthen package (DPC)
)
(C:/Users/KutayUgurlu/AppData/Local/Programs/MiKTeX/tex/latex/eso-pic/eso-pic.s
ty
Package: eso-pic 2020/10/14 v3.0a eso-pic (RN)
\ESO@tempdima=\dimen181
\ESO@tempdimb=\dimen182
)
\AM@pagewidth=\dimen183
\AM@pageheight=\dimen184
\AM@fboxrule=\dimen185

(C:/Users/KutayUgurlu/AppData/Local/Programs/MiKTeX/tex/latex/pdfpages/ppluatex
.def
File: ppluatex.def 2021/03/06 v0.5t Pdfpages driver for LuaTeX (AM)
)
\pdfpages@includegraphics@status=\count289
\AM@pagebox=\box55
\AM@global@opts=\toks24
\AM@pagecnt=\count290
\AM@toc@title=\toks25
\c@AM@survey=\count291
\AM@templatesizebox=\box56
)
(C:/Users/KutayUgurlu/AppData/Local/Programs/MiKTeX/tex/latex/base/fontenc.sty
Package: fontenc 2021/04/29 v2.0v Standard LaTeX package
LaTeX Font Info:    Trying to load font information for T1+lmr on input line 11
2.

(C:/Users/KutayUgurlu/AppData/Local/Programs/MiKTeX/tex/latex/lm/t1lmr.fd
File: t1lmr.fd 2009/10/30 v1.6 Font defs for Latin Modern
))
(C:/Users/KutayUgurlu/AppData/Local/Programs/MiKTeX/tex/latex/base/inputenc.sty
Package: inputenc 2021/02/14 v1.3d Input encoding file
\inpenc@prehook=\toks26
\inpenc@posthook=\toks27

Package inputenc Warning: inputenc package ignored with utf8 based engines.

)
(C:/Users/KutayUgurlu/AppData/Local/Programs/MiKTeX/tex/latex/fancyhdr/fancyhdr
.sty
Package: fancyhdr 2021/01/28 v4.0.1 Extensive control of page headers and foote
rs
\f@nch@headwidth=\skip61
\f@nch@O@elh=\skip62
\f@nch@O@erh=\skip63
\f@nch@O@olh=\skip64
\f@nch@O@orh=\skip65
\f@nch@O@elf=\skip66
\f@nch@O@erf=\skip67
\f@nch@O@olf=\skip68
\f@nch@O@orf=\skip69
)
(C:/Users/KutayUgurlu/AppData/Local/Programs/MiKTeX/tex/latex/changepage/change
page.sty
Package: changepage 2009/10/20 v1.0c check page and change page layout
\c@cp@cntr=\count292
\cp@tempcnt=\count293
)
(C:/Users/KutayUgurlu/AppData/Local/Programs/MiKTeX/tex/latex/slashbox/slashbox
.sty
slashbox style by K.Yasuoka, May 1993.
\@slashboxa=\box57
\@slashboxb=\box58
\@slashboxc=\box59
\@slashboxwd=\count294
\@slashboxht=\count295
\@slashsepl=\dimen186
\@slashsepr=\dimen187
)
(C:/Users/KutayUgurlu/AppData/Local/Programs/MiKTeX/tex/latex/floatrow/floatrow
.sty
Package: floatrow 2008/08/02 v0.3b floatrow: float package extension
\c@float@type=\count296
\float@exts=\toks28
\float@box=\box60
\@floatcapt=\box61
Package floatrow Info: Modified float package code loaded on input line 455.
Package floatrow Info: Modified rotfloat package code loaded on input line 473.

\FR@everyfloat=\toks29
\flrow@foot=\insert252
\FB@wd=\dimen188
\FBo@wd=\dimen189
\FBc@wd=\dimen190
\FBo@ht=\skip70
\FBc@ht=\skip71
\FBf@ht=\skip72
\FBo@max=\skip73
\FBc@max=\skip74
\FBf@max=\skip75
\c@FBl@b=\count297
\floatbox@depth=\count298
\c@FRobj=\count299
\c@FRsobj=\count300
\Xhsize=\skip76
\sXhsize=\skip77
\Zhsize=\skip78
\sZhsize=\skip79
\flrow@rowbox=\box62
\FR@Zunitlength=\dimen191
\c@FBcnt=\count301
\FPOScnt=\count302
\LTleft=\skip80
\LTright=\skip81
\LTleft=\skip82
\LTright=\skip83
\flrow@types=\toks30
)
(C:/Users/KutayUgurlu/AppData/Local/Programs/MiKTeX/tex/latex/l3backend/l3backe
nd-luatex.def
File: l3backend-luatex.def 2021-10-18 L3 backend support: PDF output (LuaTeX)
\l__color_backend_stack_int=\count303
\l__pdf_internal_box=\box63
) (./main.aux)
\openout1 = main.aux

LaTeX Font Info:    Checking defaults for OML/cmm/m/it on input line 50.
LaTeX Font Info:    ... okay on input line 50.
LaTeX Font Info:    Checking defaults for OMS/cmsy/m/n on input line 50.
LaTeX Font Info:    ... okay on input line 50.
LaTeX Font Info:    Checking defaults for OT1/cmr/m/n on input line 50.
LaTeX Font Info:    ... okay on input line 50.
LaTeX Font Info:    Checking defaults for T1/cmr/m/n on input line 50.
LaTeX Font Info:    ... okay on input line 50.
LaTeX Font Info:    Checking defaults for TS1/cmr/m/n on input line 50.
LaTeX Font Info:    Trying to load font information for TS1+cmr on input line 5
0.

(C:/Users/KutayUgurlu/AppData/Local/Programs/MiKTeX/tex/latex/base/ts1cmr.fd
File: ts1cmr.fd 2019/12/16 v2.5j Standard LaTeX font definitions
)
LaTeX Font Info:    ... okay on input line 50.
LaTeX Font Info:    Checking defaults for TU/lmr/m/n on input line 50.
LaTeX Font Info:    ... okay on input line 50.
LaTeX Font Info:    Checking defaults for OMX/cmex/m/n on input line 50.
LaTeX Font Info:    ... okay on input line 50.
LaTeX Font Info:    Checking defaults for U/cmr/m/n on input line 50.
LaTeX Font Info:    ... okay on input line 50.

*geometry* driver: auto-detecting
*geometry* detected driver: luatex
*geometry* verbose mode - [ preamble ] result:
* driver: luatex
* paper: a4paper
* layout: <same size as paper>
* layoutoffset:(h,v)=(0.0pt,0.0pt)
* modes: 
* h-part:(L,W,R)=(81.94394pt, 433.62pt, 81.94394pt)
* v-part:(T,H,B)=(92.30072pt, 614.295pt, 138.45113pt)
* \paperwidth=597.50787pt
* \paperheight=845.04684pt
* \textwidth=433.62pt
* \textheight=614.295pt
* \oddsidemargin=9.67395pt
* \evensidemargin=9.67395pt
* \topmargin=-16.96927pt
* \headheight=14.0pt
* \headsep=25.0pt
* \topskip=11.0pt
* \footskip=30.0pt
* \marginparwidth=59.0pt
* \marginparsep=10.0pt
* \columnsep=10.0pt
* \skip\footins=10.0pt plus 4.0pt minus 2.0pt
* \hoffset=0.0pt
* \voffset=0.0pt
* \mag=1000
* \@twocolumnfalse
* \@twosidefalse
* \@mparswitchfalse
* \@reversemarginfalse
* (1in=72.27pt=25.4mm, 1cm=28.453pt)


(C:/Users/KutayUgurlu/AppData/Local/Programs/MiKTeX/tex/context/base/mkii/supp-
pdf.mkii
[Loading MPS to PDF converter (version 2006.09.02).]
\scratchcounter=\count304
\scratchdimen=\dimen192
\scratchbox=\box64
\nofMPsegments=\count305
\nofMParguments=\count306
\everyMPshowfont=\toks31
\MPscratchCnt=\count307
\MPscratchDim=\dimen193
\MPnumerator=\count308
\makeMPintoPDFobject=\count309
\everyMPtoPDFconversion=\toks32
)
(C:/Users/KutayUgurlu/AppData/Local/Programs/MiKTeX/tex/latex/epstopdf-pkg/epst
opdf-base.sty
Package: epstopdf-base 2020-01-24 v2.11 Base part for package epstopdf
Package epstopdf-base Info: Redefining graphics rule for `.eps' on input line 4
85.

(C:/Users/KutayUgurlu/AppData/Local/Programs/MiKTeX/tex/latex/00miktex/epstopdf
-sys.cfg
File: epstopdf-sys.cfg 2021/03/18 v2.0 Configuration of epstopdf for MiKTeX
))
Package caption Info: Begin \AtBeginDocument code.
Package caption Info: subfig package v1.3 is loaded.
Package caption Info: changepage package is loaded.
\caption@adjustwidth@hsize=\dimen194
\caption@adjustwidth@linewidth=\dimen195
Package caption Info: float package is loaded.
Package caption Info: floatrow package is loaded.
Package caption Info: listings package is loaded.
Package caption Info: End \AtBeginDocument code.
\c@lstlisting=\count310

(C:/Users/KutayUgurlu/AppData/Local/Programs/MiKTeX/tex/latex/pdflscape/pdflsca
pe.sty
Package: pdflscape 2019/12/05 v0.12 Display of landscape pages in PDF (HO)

(C:/Users/KutayUgurlu/AppData/Local/Programs/MiKTeX/tex/latex/graphics/lscape.s
ty
Package: lscape 2020/05/28 v3.02 Landscape Pages (DPC)
)
Package pdflscape Info: Auto-detected driver: pdftex on input line 81.
)
(C:/Users/KutayUgurlu/AppData/Local/Programs/MiKTeX/tex/latex/floatrow/fr-subfi
g.sty
Package: fr-subfig 2007/12/24 v0.1g (beta) floatrow: additions for subfig
\FBsc@max=\skip84
\FBso@max=\skip85
)
(C:/Users/KutayUgurlu/AppData/Local/Programs/MiKTeX/tex/latex/listings/lstlang1
.sty
File: lstlang1.sty 2020/03/24 1.8d listings language file
)
LaTeX Font Info:    Trying to load font information for U+msa on input line 72.


(C:/Users/KutayUgurlu/AppData/Local/Programs/MiKTeX/tex/latex/amsfonts/umsa.fd
File: umsa.fd 2013/01/14 v3.01 AMS symbols A
)
LaTeX Font Info:    Trying to load font information for U+msb on input line 72.

(C:/Users/KutayUgurlu/AppData/Local/Programs/MiKTeX/tex/latex/amsfonts/umsb.fd
File: umsb.fd 2013/01/14 v3.01 AMS symbols B
) [1

{C:/Users/KutayUgurlu/AppData/Local/MiKTeX/pdftex/config/pdftex.map}]
Underfull \hbox (badness 10000) in paragraph at lines 82--83

 []

(./HW2_Q1.m)
Overfull \hbox (95.92976pt too wide) in paragraph at lines 86--106
[]$ $[]$ $[]$
 []


Overfull \hbox (95.92976pt too wide) in paragraph at lines 86--106
[]$ $[]$ $[]$
 []


Underfull \hbox (badness 10000) in paragraph at lines 109--111

 []


Underfull \hbox (badness 10000) in paragraph at lines 109--111

 []


Underfull \hbox (badness 10000) in paragraph at lines 109--111

 []


Underfull \hbox (badness 10000) in paragraph at lines 111--112

 []


Underfull \hbox (badness 10000) in paragraph at lines 111--112

 []

[2] (./main.aux))

Here is how much of LuaTeX's memory you used:
 9570 strings out of 478086
 100000,794899 words of node,token memory allocated
 558 words of node memory still in use:
   6 hlist, 2 vlist, 2 rule, 2 glue, 4 kern, 1 glyph, 7 attribute, 66 glue_spec,
 7 attribute_list, 1 write nodes
   avail lists: 1:1,2:1455,3:152,4:216,5:2224,6:70,7:4256,8:27,9:4512,10:25,11:2
78
 29601 multiletter control sequences out of 65536+600000
 55 fonts using 4778167 bytes
 70i,11n,76p,484b,1044s stack positions out of 5000i,500n,10000p,200000b,80000s
{C:/Users/KutayUgurlu/AppData/Local/Programs/MiKTeX/fonts/enc/dvips/lm/lm-ec.enc
}{C:/Users/KutayUgurlu/AppData/Local/Programs/MiKTeX/fonts/enc/dvips/lm/lm-ts1.e
nc}<C:/Users/KutayUgurlu/AppData/Local/Programs/MiKTeX/fonts/type1/public/amsfon
ts/cm/cmex10.pfb><C:/Users/KutayUgurlu/AppData/Local/Programs/MiKTeX/fonts/type1
/public/amsfonts/cm/cmmi10.pfb><C:/Users/KutayUgurlu/AppData/Local/Programs/MiKT
eX/fonts/type1/public/amsfonts/cm/cmmi8.pfb><C:/Users/KutayUgurlu/AppData/Local/
Programs/MiKTeX/fonts/type1/public/amsfonts/cm/cmr10.pfb><C:/Users/KutayUgurlu/A
ppData/Local/Programs/MiKTeX/fonts/type1/public/amsfonts/cm/cmr8.pfb><C:/Users/K
utayUgurlu/AppData/Local/Programs/MiKTeX/fonts/type1/public/amsfonts/cm/cmsy10.p
fb><C:/Users/KutayUgurlu/AppData/Local/Programs/MiKTeX/fonts/type1/public/amsfon
ts/cm/cmsy8.pfb><C:/Users/KutayUgurlu/AppData/Local/Programs/MiKTeX/fonts/type1/
public/lm/lmbx10.pfb><C:/Users/KutayUgurlu/AppData/Local/Programs/MiKTeX/fonts/t
ype1/public/lm/lmbx12.pfb><C:/Users/KutayUgurlu/AppData/Local/Programs/MiKTeX/fo
nts/type1/public/lm/lmr10.pfb><C:/Users/KutayUgurlu/AppData/Local/Programs/MiKTe
X/fonts/type1/public/lm/lmr12.pfb><C:/Users/KutayUgurlu/AppData/Local/Programs/M
iKTeX/fonts/type1/public/lm/lmr17.pfb><C:/Users/KutayUgurlu/AppData/Local/Progra
ms/MiKTeX/fonts/type1/public/lm/lmr6.pfb>
Output written on main.pdf (2 pages, 223152 bytes).

PDF statistics: 65 PDF objects out of 1000 (max. 8388607)
 0 named destinations out of 1000 (max. 131072)
 1 words of extra memory for PDF output out of 10000 (max. 100000000)

